2025-12-07 20:54:12.815 | INFO     | __main__:train:133 - Starting epoch 1 / 20
2025-12-07 20:54:13.247 | INFO     | __main__:train_epoch:126 - Epoch 0, Batch 0, Loss: 6.3305
2025-12-07 20:54:17.405 | INFO     | __main__:train_epoch:126 - Epoch 0, Batch 20, Loss: 4.3854
2025-12-07 20:54:22.050 | INFO     | __main__:train_epoch:126 - Epoch 0, Batch 40, Loss: 3.4274
2025-12-07 20:54:26.681 | INFO     | __main__:train_epoch:126 - Epoch 0, Batch 60, Loss: 2.3905
2025-12-07 20:54:31.958 | INFO     | __main__:train_epoch:126 - Epoch 0, Batch 80, Loss: 2.2326
2025-12-07 20:54:37.340 | INFO     | __main__:train_epoch:126 - Epoch 0, Batch 100, Loss: 1.8062
2025-12-07 20:54:39.041 | INFO     | __main__:train:138 - Epoch 0 Train Metrics: loss: 3.1726
2025-12-07 20:54:39.041 | INFO     | __main__:train:139 - Epoch 0 Test Metrics: loss: 2.1282, HR@5: 0.2562, HR@10: 0.4468, HR@20: 0.6188, NDCG@5: 0.1520, NDCG@10: 0.2133, NDCG@20: 0.2573
2025-12-07 20:54:39.042 | INFO     | __main__:train:133 - Starting epoch 2 / 20
2025-12-07 20:54:39.446 | INFO     | __main__:train_epoch:126 - Epoch 1, Batch 0, Loss: 2.0033
2025-12-07 20:54:44.393 | INFO     | __main__:train_epoch:126 - Epoch 1, Batch 20, Loss: 1.9059
2025-12-07 20:54:49.851 | INFO     | __main__:train_epoch:126 - Epoch 1, Batch 40, Loss: 2.0430
2025-12-07 20:54:54.693 | INFO     | __main__:train_epoch:126 - Epoch 1, Batch 60, Loss: 1.3848
2025-12-07 20:55:13.276 | INFO     | __main__:train_epoch:126 - Epoch 1, Batch 80, Loss: 1.6099
2025-12-07 20:55:17.892 | INFO     | __main__:train_epoch:126 - Epoch 1, Batch 100, Loss: 1.0691
2025-12-07 20:55:19.223 | INFO     | __main__:train:138 - Epoch 1 Train Metrics: loss: 1.7300
2025-12-07 20:55:19.223 | INFO     | __main__:train:139 - Epoch 1 Test Metrics: loss: 1.3152, HR@5: 0.2748, HR@10: 0.4728, HR@20: 0.6869, NDCG@5: 0.1707, NDCG@10: 0.2340, NDCG@20: 0.2883
2025-12-07 20:55:19.223 | INFO     | __main__:train:133 - Starting epoch 3 / 20
2025-12-07 20:55:19.567 | INFO     | __main__:train_epoch:126 - Epoch 2, Batch 0, Loss: 1.1607
2025-12-07 20:55:23.842 | INFO     | __main__:train_epoch:126 - Epoch 2, Batch 20, Loss: 1.1225
2025-12-07 20:55:28.599 | INFO     | __main__:train_epoch:126 - Epoch 2, Batch 40, Loss: 1.0688
2025-12-07 20:55:33.102 | INFO     | __main__:train_epoch:126 - Epoch 2, Batch 60, Loss: 0.8357
2025-12-07 20:55:37.634 | INFO     | __main__:train_epoch:126 - Epoch 2, Batch 80, Loss: 1.0304
2025-12-07 20:55:42.385 | INFO     | __main__:train_epoch:126 - Epoch 2, Batch 100, Loss: 0.6499
2025-12-07 20:55:43.821 | INFO     | __main__:train:138 - Epoch 2 Train Metrics: loss: 1.0311
2025-12-07 20:55:43.822 | INFO     | __main__:train:139 - Epoch 2 Test Metrics: loss: 0.7630, HR@5: 0.2760, HR@10: 0.5149, HR@20: 0.7327, NDCG@5: 0.1730, NDCG@10: 0.2495, NDCG@20: 0.3049
2025-12-07 20:55:43.822 | INFO     | __main__:train:133 - Starting epoch 4 / 20
2025-12-07 20:55:44.176 | INFO     | __main__:train_epoch:126 - Epoch 3, Batch 0, Loss: 0.7128
2025-12-07 20:55:48.539 | INFO     | __main__:train_epoch:126 - Epoch 3, Batch 20, Loss: 0.6680
2025-12-07 20:55:53.466 | INFO     | __main__:train_epoch:126 - Epoch 3, Batch 40, Loss: 0.5701
2025-12-07 20:55:57.983 | INFO     | __main__:train_epoch:126 - Epoch 3, Batch 60, Loss: 0.5668
2025-12-07 20:56:02.676 | INFO     | __main__:train_epoch:126 - Epoch 3, Batch 80, Loss: 0.5624
2025-12-07 20:56:07.503 | INFO     | __main__:train_epoch:126 - Epoch 3, Batch 100, Loss: 0.4180
2025-12-07 20:56:08.921 | INFO     | __main__:train:138 - Epoch 3 Train Metrics: loss: 0.6106
2025-12-07 20:56:08.921 | INFO     | __main__:train:139 - Epoch 3 Test Metrics: loss: 0.5228, HR@5: 0.2512, HR@10: 0.4653, HR@20: 0.6832, NDCG@5: 0.1565, NDCG@10: 0.2255, NDCG@20: 0.2810
2025-12-07 20:56:08.921 | INFO     | __main__:train:133 - Starting epoch 5 / 20
2025-12-07 20:56:09.314 | INFO     | __main__:train_epoch:126 - Epoch 4, Batch 0, Loss: 0.4700
2025-12-07 20:56:13.779 | INFO     | __main__:train_epoch:126 - Epoch 4, Batch 20, Loss: 0.4345
2025-12-07 20:56:18.644 | INFO     | __main__:train_epoch:126 - Epoch 4, Batch 40, Loss: 0.3964
2025-12-07 20:56:23.065 | INFO     | __main__:train_epoch:126 - Epoch 4, Batch 60, Loss: 0.3727
2025-12-07 20:56:27.762 | INFO     | __main__:train_epoch:126 - Epoch 4, Batch 80, Loss: 0.3614
2025-12-07 20:56:32.518 | INFO     | __main__:train_epoch:126 - Epoch 4, Batch 100, Loss: 0.2596
2025-12-07 20:56:33.911 | INFO     | __main__:train:138 - Epoch 4 Train Metrics: loss: 0.3837
2025-12-07 20:56:33.912 | INFO     | __main__:train:139 - Epoch 4 Test Metrics: loss: 0.3230, HR@5: 0.2735, HR@10: 0.4604, HR@20: 0.6522, NDCG@5: 0.1695, NDCG@10: 0.2293, NDCG@20: 0.2782
2025-12-07 20:56:33.912 | INFO     | __main__:train:133 - Starting epoch 6 / 20
2025-12-07 20:56:34.257 | INFO     | __main__:train_epoch:126 - Epoch 5, Batch 0, Loss: 0.3140
2025-12-07 20:56:38.553 | INFO     | __main__:train_epoch:126 - Epoch 5, Batch 20, Loss: 0.3301
2025-12-07 20:56:43.322 | INFO     | __main__:train_epoch:126 - Epoch 5, Batch 40, Loss: 0.2943
2025-12-07 20:56:47.751 | INFO     | __main__:train_epoch:126 - Epoch 5, Batch 60, Loss: 0.2456
2025-12-07 20:56:52.378 | INFO     | __main__:train_epoch:126 - Epoch 5, Batch 80, Loss: 0.2702
2025-12-07 20:56:57.148 | INFO     | __main__:train_epoch:126 - Epoch 5, Batch 100, Loss: 0.2128
2025-12-07 20:56:58.539 | INFO     | __main__:train:138 - Epoch 5 Train Metrics: loss: 0.2582
2025-12-07 20:56:58.540 | INFO     | __main__:train:139 - Epoch 5 Test Metrics: loss: 0.2489, HR@5: 0.2401, HR@10: 0.4121, HR@20: 0.6275, NDCG@5: 0.1558, NDCG@10: 0.2103, NDCG@20: 0.2653
2025-12-07 20:56:58.540 | INFO     | __main__:train:133 - Starting epoch 7 / 20
2025-12-07 20:56:58.885 | INFO     | __main__:train_epoch:126 - Epoch 6, Batch 0, Loss: 0.1857
2025-12-07 20:57:03.143 | INFO     | __main__:train_epoch:126 - Epoch 6, Batch 20, Loss: 0.1391
2025-12-07 20:57:07.874 | INFO     | __main__:train_epoch:126 - Epoch 6, Batch 40, Loss: 0.2366
2025-12-07 20:57:12.296 | INFO     | __main__:train_epoch:126 - Epoch 6, Batch 60, Loss: 0.2404
2025-12-07 20:57:16.962 | INFO     | __main__:train_epoch:126 - Epoch 6, Batch 80, Loss: 0.2725
2025-12-07 20:57:21.783 | INFO     | __main__:train_epoch:126 - Epoch 6, Batch 100, Loss: 0.2267
2025-12-07 20:57:23.206 | INFO     | __main__:train:138 - Epoch 6 Train Metrics: loss: 0.2413
2025-12-07 20:57:23.207 | INFO     | __main__:train:139 - Epoch 6 Test Metrics: loss: 0.2288, HR@5: 0.2314, HR@10: 0.3911, HR@20: 0.6151, NDCG@5: 0.1481, NDCG@10: 0.1987, NDCG@20: 0.2555
2025-12-07 20:57:23.207 | INFO     | __main__:train:133 - Starting epoch 8 / 20
2025-12-07 20:57:23.567 | INFO     | __main__:train_epoch:126 - Epoch 7, Batch 0, Loss: 0.1399
2025-12-07 20:57:27.902 | INFO     | __main__:train_epoch:126 - Epoch 7, Batch 20, Loss: 0.1551
2025-12-07 20:57:32.680 | INFO     | __main__:train_epoch:126 - Epoch 7, Batch 40, Loss: 0.1942
2025-12-07 20:57:37.046 | INFO     | __main__:train_epoch:126 - Epoch 7, Batch 60, Loss: 0.3890
2025-12-07 20:57:41.565 | INFO     | __main__:train_epoch:126 - Epoch 7, Batch 80, Loss: 0.1832
2025-12-07 20:57:46.264 | INFO     | __main__:train_epoch:126 - Epoch 7, Batch 100, Loss: 0.2011
2025-12-07 20:57:47.697 | INFO     | __main__:train:138 - Epoch 7 Train Metrics: loss: 0.2091
2025-12-07 20:57:47.697 | INFO     | __main__:train:139 - Epoch 7 Test Metrics: loss: 0.3046, HR@5: 0.2710, HR@10: 0.4691, HR@20: 0.6572, NDCG@5: 0.1718, NDCG@10: 0.2353, NDCG@20: 0.2832
2025-12-07 20:57:47.697 | INFO     | __main__:train:133 - Starting epoch 9 / 20
2025-12-07 20:57:48.057 | INFO     | __main__:train_epoch:126 - Epoch 8, Batch 0, Loss: 0.1766
2025-12-07 20:57:52.510 | INFO     | __main__:train_epoch:126 - Epoch 8, Batch 20, Loss: 0.1336
2025-12-07 20:57:57.348 | INFO     | __main__:train_epoch:126 - Epoch 8, Batch 40, Loss: 0.1217
2025-12-07 20:58:01.815 | INFO     | __main__:train_epoch:126 - Epoch 8, Batch 60, Loss: 0.0926
2025-12-07 20:58:06.473 | INFO     | __main__:train_epoch:126 - Epoch 8, Batch 80, Loss: 0.0995
2025-12-07 20:58:11.240 | INFO     | __main__:train_epoch:126 - Epoch 8, Batch 100, Loss: 0.1038
2025-12-07 20:58:12.645 | INFO     | __main__:train:138 - Epoch 8 Train Metrics: loss: 0.1483
2025-12-07 20:58:12.646 | INFO     | __main__:train:139 - Epoch 8 Test Metrics: loss: 0.1610, HR@5: 0.2376, HR@10: 0.4010, HR@20: 0.5842, NDCG@5: 0.1577, NDCG@10: 0.2107, NDCG@20: 0.2576
2025-12-07 20:58:12.646 | INFO     | __main__:train:133 - Starting epoch 10 / 20
2025-12-07 20:58:12.998 | INFO     | __main__:train_epoch:126 - Epoch 9, Batch 0, Loss: 0.0955
2025-12-07 20:58:17.345 | INFO     | __main__:train_epoch:126 - Epoch 9, Batch 20, Loss: 0.0834
2025-12-07 20:58:22.077 | INFO     | __main__:train_epoch:126 - Epoch 9, Batch 40, Loss: 0.1237
2025-12-07 20:58:26.566 | INFO     | __main__:train_epoch:126 - Epoch 9, Batch 60, Loss: 0.1399
2025-12-07 20:58:31.245 | INFO     | __main__:train_epoch:126 - Epoch 9, Batch 80, Loss: 0.1076
2025-12-07 20:58:35.964 | INFO     | __main__:train_epoch:126 - Epoch 9, Batch 100, Loss: 0.0934
2025-12-07 20:58:37.372 | INFO     | __main__:train:138 - Epoch 9 Train Metrics: loss: 0.1357
2025-12-07 20:58:37.372 | INFO     | __main__:train:139 - Epoch 9 Test Metrics: loss: 0.1707, HR@5: 0.2351, HR@10: 0.4121, HR@20: 0.5619, NDCG@5: 0.1580, NDCG@10: 0.2149, NDCG@20: 0.2528
2025-12-07 20:58:37.373 | INFO     | __main__:train:133 - Starting epoch 11 / 20
2025-12-07 20:58:37.812 | INFO     | __main__:train_epoch:126 - Epoch 10, Batch 0, Loss: 0.0948
2025-12-07 20:58:42.994 | INFO     | __main__:train_epoch:126 - Epoch 10, Batch 20, Loss: 0.0842
2025-12-07 20:58:48.764 | INFO     | __main__:train_epoch:126 - Epoch 10, Batch 40, Loss: 0.0832
2025-12-07 20:58:53.682 | INFO     | __main__:train_epoch:126 - Epoch 10, Batch 60, Loss: 0.0517
2025-12-07 20:58:58.974 | INFO     | __main__:train_epoch:126 - Epoch 10, Batch 80, Loss: 0.0672
2025-12-07 20:59:04.392 | INFO     | __main__:train_epoch:126 - Epoch 10, Batch 100, Loss: 0.0668
2025-12-07 20:59:05.950 | INFO     | __main__:train:138 - Epoch 10 Train Metrics: loss: 0.0793
2025-12-07 20:59:05.950 | INFO     | __main__:train:139 - Epoch 10 Test Metrics: loss: 0.1398, HR@5: 0.2537, HR@10: 0.4257, HR@20: 0.6002, NDCG@5: 0.1651, NDCG@10: 0.2200, NDCG@20: 0.2643
2025-12-07 20:59:05.950 | INFO     | __main__:train:133 - Starting epoch 12 / 20
2025-12-07 20:59:06.401 | INFO     | __main__:train_epoch:126 - Epoch 11, Batch 0, Loss: 0.0454
2025-12-07 20:59:11.289 | INFO     | __main__:train_epoch:126 - Epoch 11, Batch 20, Loss: 0.0820
2025-12-07 20:59:16.621 | INFO     | __main__:train_epoch:126 - Epoch 11, Batch 40, Loss: 0.0636
2025-12-07 20:59:21.595 | INFO     | __main__:train_epoch:126 - Epoch 11, Batch 60, Loss: 0.0439
2025-12-07 20:59:27.055 | INFO     | __main__:train_epoch:126 - Epoch 11, Batch 80, Loss: 0.0435
2025-12-07 20:59:32.437 | INFO     | __main__:train_epoch:126 - Epoch 11, Batch 100, Loss: 0.0360
2025-12-07 20:59:33.997 | INFO     | __main__:train:138 - Epoch 11 Train Metrics: loss: 0.0553
2025-12-07 20:59:33.997 | INFO     | __main__:train:139 - Epoch 11 Test Metrics: loss: 0.1190, HR@5: 0.2488, HR@10: 0.3973, HR@20: 0.5693, NDCG@5: 0.1665, NDCG@10: 0.2144, NDCG@20: 0.2585
2025-12-07 20:59:33.998 | INFO     | __main__:train:133 - Starting epoch 13 / 20
2025-12-07 20:59:34.404 | INFO     | __main__:train_epoch:126 - Epoch 12, Batch 0, Loss: 0.0373
2025-12-07 20:59:39.346 | INFO     | __main__:train_epoch:126 - Epoch 12, Batch 20, Loss: 0.0455
2025-12-07 20:59:44.702 | INFO     | __main__:train_epoch:126 - Epoch 12, Batch 40, Loss: 0.0399
2025-12-07 20:59:49.645 | INFO     | __main__:train_epoch:126 - Epoch 12, Batch 60, Loss: 0.0443
2025-12-07 20:59:54.922 | INFO     | __main__:train_epoch:126 - Epoch 12, Batch 80, Loss: 0.0744
2025-12-07 21:00:00.377 | INFO     | __main__:train_epoch:126 - Epoch 12, Batch 100, Loss: 0.0480
2025-12-07 21:00:02.001 | INFO     | __main__:train:138 - Epoch 12 Train Metrics: loss: 0.0491
2025-12-07 21:00:02.001 | INFO     | __main__:train:139 - Epoch 12 Test Metrics: loss: 0.1410, HR@5: 0.2413, HR@10: 0.4109, HR@20: 0.5730, NDCG@5: 0.1617, NDCG@10: 0.2167, NDCG@20: 0.2585
2025-12-07 21:00:02.002 | INFO     | __main__:train:133 - Starting epoch 14 / 20
2025-12-07 21:00:02.470 | INFO     | __main__:train_epoch:126 - Epoch 13, Batch 0, Loss: 0.0592
2025-12-07 21:00:07.273 | INFO     | __main__:train_epoch:126 - Epoch 13, Batch 20, Loss: 0.0336
2025-12-07 21:00:12.645 | INFO     | __main__:train_epoch:126 - Epoch 13, Batch 40, Loss: 0.0902
2025-12-07 21:00:17.630 | INFO     | __main__:train_epoch:126 - Epoch 13, Batch 60, Loss: 0.0996
2025-12-07 21:00:22.997 | INFO     | __main__:train_epoch:126 - Epoch 13, Batch 80, Loss: 0.1748
2025-12-07 21:00:28.420 | INFO     | __main__:train_epoch:126 - Epoch 13, Batch 100, Loss: 0.0378
2025-12-07 21:00:29.935 | INFO     | __main__:train:138 - Epoch 13 Train Metrics: loss: 0.0831
2025-12-07 21:00:29.936 | INFO     | __main__:train:139 - Epoch 13 Test Metrics: loss: 0.1506, HR@5: 0.2364, HR@10: 0.3837, HR@20: 0.5730, NDCG@5: 0.1607, NDCG@10: 0.2081, NDCG@20: 0.2563
2025-12-07 21:00:29.936 | INFO     | __main__:train:133 - Starting epoch 15 / 20
2025-12-07 21:00:30.354 | INFO     | __main__:train_epoch:126 - Epoch 14, Batch 0, Loss: 0.0737
2025-12-07 21:00:35.110 | INFO     | __main__:train_epoch:126 - Epoch 14, Batch 20, Loss: 0.0424
2025-12-07 21:00:40.335 | INFO     | __main__:train_epoch:126 - Epoch 14, Batch 40, Loss: 0.0462
2025-12-07 21:00:44.889 | INFO     | __main__:train_epoch:126 - Epoch 14, Batch 60, Loss: 0.0234
2025-12-07 21:00:49.738 | INFO     | __main__:train_epoch:126 - Epoch 14, Batch 80, Loss: 0.0444
2025-12-07 21:00:54.647 | INFO     | __main__:train_epoch:126 - Epoch 14, Batch 100, Loss: 0.0249
2025-12-07 21:00:56.120 | INFO     | __main__:train:138 - Epoch 14 Train Metrics: loss: 0.0460
2025-12-07 21:00:56.120 | INFO     | __main__:train:139 - Epoch 14 Test Metrics: loss: 0.1522, HR@5: 0.2413, HR@10: 0.3614, HR@20: 0.5495, NDCG@5: 0.1645, NDCG@10: 0.2031, NDCG@20: 0.2510
2025-12-07 21:00:56.120 | INFO     | __main__:train:146 - Early stopping at epoch 15
2025-12-07 21:00:56.121 | INFO     | __main__:train:149 - Training complete.
